<?xml version="1.0" encoding="UTF-8"?>
<robot generator="Robot 4.1.1 (Python 3.9.7 on darwin)" generated="20220227 23:25:43.545" rpa="false" schemaversion="2">
<suite id="s1" name="FeatureSearchProduct" source="/Users/pisitchuthongkum/Documents/Documents - Pisit’s MacBook Air/T-Shirt/Test/FeatureSearchProduct.robot">
<kw name="Run Keyword" library="BuiltIn" type="SETUP">
<arg>Open Browser chrome</arg>
<doc>Executes the given keyword with the given arguments.</doc>
<kw name="Open Browser chrome" library="KeywordSearch">
<kw name="Open Browser" library="Selenium2Library">
<arg>${base_url}</arg>
<arg>chrome</arg>
<doc>Opens a new browser instance to the optional ``url``.</doc>
<msg timestamp="20220227 23:25:43.667" level="INFO">Opening browser 'chrome' to base url 'http://automationpractice.com/index.php'.</msg>
<status status="PASS" starttime="20220227 23:25:43.667" endtime="20220227 23:26:00.280"/>
</kw>
<kw name="Maximize Browser Window" library="Selenium2Library">
<doc>Maximizes current browser window.</doc>
<status status="PASS" starttime="20220227 23:26:00.281" endtime="20220227 23:26:00.433"/>
</kw>
<kw name="Set Selenium Speed" library="Selenium2Library">
<arg>0.1</arg>
<doc>Sets the delay that is waited after each Selenium command.</doc>
<status status="PASS" starttime="20220227 23:26:00.433" endtime="20220227 23:26:00.434"/>
</kw>
<status status="PASS" starttime="20220227 23:25:43.667" endtime="20220227 23:26:00.434"/>
</kw>
<status status="PASS" starttime="20220227 23:25:43.667" endtime="20220227 23:26:00.434"/>
</kw>
<test id="s1-t1" name="Scenario : Over Mouse on women">
<kw name="I want validate click women's link" library="KeywordSearch">
<kw name="Wait Until Page Contains" library="Selenium2Library">
<arg>Call us now:</arg>
<arg>timeout=30</arg>
<arg>error=Not found</arg>
<doc>Waits until ``text`` appears on the current page.</doc>
<status status="PASS" starttime="20220227 23:26:00.435" endtime="20220227 23:26:00.609"/>
</kw>
<kw name="Mouse Over" library="Selenium2Library">
<arg>//*[@id="block_top_menu"]/ul/li[1]/a</arg>
<doc>Simulates hovering the mouse over the element ``locator``.</doc>
<msg timestamp="20220227 23:26:00.609" level="INFO">Simulating Mouse Over on element '//*[@id="block_top_menu"]/ul/li[1]/a'.</msg>
<status status="PASS" starttime="20220227 23:26:00.609" endtime="20220227 23:26:01.113"/>
</kw>
<kw name="Wait Until Page Contains" library="Selenium2Library">
<arg>Top</arg>
<arg>timeout=30</arg>
<arg>error=Not found</arg>
<doc>Waits until ``text`` appears on the current page.</doc>
<status status="PASS" starttime="20220227 23:26:01.114" endtime="20220227 23:26:01.335"/>
</kw>
<status status="PASS" starttime="20220227 23:26:00.435" endtime="20220227 23:26:01.335"/>
</kw>
<status status="PASS" starttime="20220227 23:26:00.434" endtime="20220227 23:26:01.335"/>
</test>
<test id="s1-t2" name="Scenario : Choose T-shirts">
<kw name="I want validate Choose T-shirts" library="KeywordSearch">
<kw name="Mouse Over" library="Selenium2Library">
<arg>//*[@id="block_top_menu"]/ul/li[1]/ul/li[1]/ul/li[1]/a</arg>
<doc>Simulates hovering the mouse over the element ``locator``.</doc>
<msg timestamp="20220227 23:26:01.336" level="INFO">Simulating Mouse Over on element '//*[@id="block_top_menu"]/ul/li[1]/ul/li[1]/ul/li[1]/a'.</msg>
<status status="PASS" starttime="20220227 23:26:01.336" endtime="20220227 23:26:01.810"/>
</kw>
<kw name="Click Element" library="Selenium2Library">
<arg>//*[@id="block_top_menu"]/ul/li[1]/ul/li[1]/ul/li[1]/a</arg>
<doc>Click the element identified by ``locator``.</doc>
<msg timestamp="20220227 23:26:01.811" level="INFO">Clicking element '//*[@id="block_top_menu"]/ul/li[1]/ul/li[1]/ul/li[1]/a'.</msg>
<status status="PASS" starttime="20220227 23:26:01.810" endtime="20220227 23:26:03.543"/>
</kw>
<kw name="Wait Until Page Contains" library="Selenium2Library">
<arg>Catalog</arg>
<arg>timeout=30</arg>
<arg>error=Not found</arg>
<doc>Waits until ``text`` appears on the current page.</doc>
<status status="PASS" starttime="20220227 23:26:03.543" endtime="20220227 23:26:04.624"/>
</kw>
<status status="PASS" starttime="20220227 23:26:01.336" endtime="20220227 23:26:04.625"/>
</kw>
<status status="PASS" starttime="20220227 23:26:01.335" endtime="20220227 23:26:04.625"/>
</test>
<test id="s1-t3" name="Scenario : Get name T-shirts">
<kw name="I want validate get name T-shirts" library="KeywordSearch">
<kw name="Scroll Element Into View" library="Selenium2Library">
<arg>//*[@id="center_column"]/ul/li/div/div[2]/h5/a</arg>
<doc>Scrolls the element identified by ``locator`` into view.</doc>
<status status="PASS" starttime="20220227 23:26:04.626" endtime="20220227 23:26:05.161"/>
</kw>
<kw name="Get Element Attribute" library="Selenium2Library">
<var>${productname}</var>
<arg>//*[@id="center_column"]/ul/li/div/div[2]/h5/a</arg>
<arg>title</arg>
<doc>Returns the value of ``attribute`` from the element ``locator``.</doc>
<msg timestamp="20220227 23:26:05.405" level="INFO">${productname} = Faded Short Sleeve T-shirts</msg>
<status status="PASS" starttime="20220227 23:26:05.162" endtime="20220227 23:26:05.405"/>
</kw>
<kw name="Input Text" library="Selenium2Library">
<arg>id=search_query_top</arg>
<arg>${productname}</arg>
<doc>Types the given ``text`` into the text field identified by ``locator``.</doc>
<msg timestamp="20220227 23:26:05.406" level="INFO">Typing text 'Faded Short Sleeve T-shirts' into text field 'id=search_query_top'.</msg>
<status status="PASS" starttime="20220227 23:26:05.406" endtime="20220227 23:26:05.965"/>
</kw>
<status status="PASS" starttime="20220227 23:26:04.626" endtime="20220227 23:26:05.965"/>
</kw>
<status status="PASS" starttime="20220227 23:26:04.625" endtime="20220227 23:26:05.965"/>
</test>
<test id="s1-t4" name="Scenario : Search T-shirts">
<kw name="I want validate Search T-shirts" library="KeywordSearch">
<kw name="Click Element" library="Selenium2Library">
<arg>name=submit_search</arg>
<doc>Click the element identified by ``locator``.</doc>
<msg timestamp="20220227 23:26:05.967" level="INFO">Clicking element 'name=submit_search'.</msg>
<status status="PASS" starttime="20220227 23:26:05.967" endtime="20220227 23:26:09.591"/>
</kw>
<kw name="Wait Until Page Contains" library="Selenium2Library">
<arg>1 result has been found</arg>
<arg>timeout=30</arg>
<arg>error=Not found</arg>
<doc>Waits until ``text`` appears on the current page.</doc>
<status status="PASS" starttime="20220227 23:26:09.592" endtime="20220227 23:26:09.722"/>
</kw>
<kw name="Mouse Over" library="Selenium2Library">
<arg>//*[@id="center_column"]/ul/li/div/div[2]/h5/a</arg>
<doc>Simulates hovering the mouse over the element ``locator``.</doc>
<msg timestamp="20220227 23:26:09.724" level="INFO">Simulating Mouse Over on element '//*[@id="center_column"]/ul/li/div/div[2]/h5/a'.</msg>
<status status="PASS" starttime="20220227 23:26:09.723" endtime="20220227 23:26:10.235"/>
</kw>
<status status="PASS" starttime="20220227 23:26:05.966" endtime="20220227 23:26:10.236"/>
</kw>
<status status="PASS" starttime="20220227 23:26:05.966" endtime="20220227 23:26:10.236"/>
</test>
<test id="s1-t5" name="Scenario : Validate that the same product is displayed">
<kw name="I want validate the same product T-shirts" library="KeywordSearch">
<kw name="Get Element Attribute" library="Selenium2Library">
<var>${sameproductname}</var>
<arg>//*[@id="center_column"]/ul/li/div/div[2]/h5/a</arg>
<arg>title</arg>
<doc>Returns the value of ``attribute`` from the element ``locator``.</doc>
<msg timestamp="20220227 23:26:10.468" level="INFO">${sameproductname} = Faded Short Sleeve T-shirts</msg>
<status status="PASS" starttime="20220227 23:26:10.239" endtime="20220227 23:26:10.468"/>
</kw>
<kw name="Pass Execution If" library="BuiltIn">
<arg>'${sameproductname}' == 'Faded Short Sleeve T-shirts'</arg>
<arg>Pass</arg>
<doc>Conditionally skips rest of the current test, setup, or teardown with PASS status.</doc>
<msg timestamp="20220227 23:26:10.469" level="INFO">Execution passed with message:
Pass</msg>
<status status="PASS" starttime="20220227 23:26:10.468" endtime="20220227 23:26:10.471"/>
</kw>
<status status="PASS" starttime="20220227 23:26:10.238" endtime="20220227 23:26:10.473"/>
</kw>
<status status="PASS" starttime="20220227 23:26:10.237" endtime="20220227 23:26:10.473">Pass</status>
</test>
<kw name="Close All Browsers" library="Selenium2Library" type="TEARDOWN">
<doc>Closes all open browsers and resets the browser cache.</doc>
<status status="PASS" starttime="20220227 23:26:10.476" endtime="20220227 23:26:10.650"/>
</kw>
<status status="PASS" starttime="20220227 23:25:43.545" endtime="20220227 23:26:10.650"/>
</suite>
<statistics>
<total>
<stat pass="5" fail="0" skip="0">All Tests</stat>
</total>
<tag>
</tag>
<suite>
<stat pass="5" fail="0" skip="0" id="s1" name="FeatureSearchProduct">FeatureSearchProduct</stat>
</suite>
</statistics>
<errors>
</errors>
</robot>
